{"level":"error","message":"Proxy error :, Cannot set properties of undefined (setting 'Content-Type')","service":"api-gateway","timestamp":"2025-06-30T08:53:57.990Z"}
{"level":"error","message":"Proxy error :, ","service":"api-gateway","timestamp":"2025-06-30T08:57:03.729Z"}
{"level":"error","message":"Proxy error :, ","service":"api-gateway","timestamp":"2025-06-30T08:58:05.915Z"}
{"level":"error","message":"Proxy error :, ","service":"api-gateway","timestamp":"2025-06-30T08:58:20.851Z"}
{"level":"error","message":"Proxy error :, ","service":"api-gateway","timestamp":"2025-06-30T10:11:20.776Z"}
{"level":"error","message":"Proxy error :, Cannot set properties of undefined (setting 'Content-Type')","service":"api-gateway","timestamp":"2025-06-30T10:24:08.356Z"}
{"level":"error","message":"Proxy error :, Cannot set properties of undefined (setting 'Content-Type')","service":"api-gateway","timestamp":"2025-06-30T10:27:53.727Z"}
{"level":"error","message":"Proxy error :, Cannot set properties of undefined (setting 'Content-Type')","service":"api-gateway","timestamp":"2025-06-30T10:29:40.102Z"}
{"level":"error","message":"Proxy error :, Cannot set properties of undefined (setting 'Content-Type')","service":"api-gateway","timestamp":"2025-06-30T10:29:41.809Z"}
{"level":"error","message":"Unatherized request token not found!","service":"api-gateway","timestamp":"2025-07-21T13:34:41.419Z"}
{"level":"error","message":"TypeError: logger.err is not a function\n    at C:\\Users\\sardar.ali\\Desktop\\Projects\\Social-media-app\\api-gateway\\src\\middleware\\authMiddleware.js:20:16\n    at module.exports [as verify] (C:\\Users\\sardar.ali\\Desktop\\Projects\\Social-media-app\\api-gateway\\node_modules\\jsonwebtoken\\verify.js:60:12)\n    at validateToken (C:\\Users\\sardar.ali\\Desktop\\Projects\\Social-media-app\\api-gateway\\src\\middleware\\authMiddleware.js:15:28)\n    at Layer.handleRequest (C:\\Users\\sardar.ali\\Desktop\\Projects\\Social-media-app\\api-gateway\\node_modules\\router\\lib\\layer.js:152:17)\n    at trimPrefix (C:\\Users\\sardar.ali\\Desktop\\Projects\\Social-media-app\\api-gateway\\node_modules\\router\\index.js:342:13)\n    at C:\\Users\\sardar.ali\\Desktop\\Projects\\Social-media-app\\api-gateway\\node_modules\\router\\index.js:297:9\n    at processParams (C:\\Users\\sardar.ali\\Desktop\\Projects\\Social-media-app\\api-gateway\\node_modules\\router\\index.js:582:12)\n    at next (C:\\Users\\sardar.ali\\Desktop\\Projects\\Social-media-app\\api-gateway\\node_modules\\router\\index.js:291:5)\n    at C:\\Users\\sardar.ali\\Desktop\\Projects\\Social-media-app\\api-gateway\\src\\server.js:46:3\n    at Layer.handleRequest (C:\\Users\\sardar.ali\\Desktop\\Projects\\Social-media-app\\api-gateway\\node_modules\\router\\lib\\layer.js:152:17)","service":"api-gateway","timestamp":"2025-07-21T13:34:41.422Z"}
{"level":"error","message":"Unatherized request token not found!","service":"api-gateway","timestamp":"2025-07-21T13:35:09.708Z"}
{"level":"error","message":"TypeError: logger.err is not a function\n    at C:\\Users\\sardar.ali\\Desktop\\Projects\\Social-media-app\\api-gateway\\src\\middleware\\authMiddleware.js:20:16\n    at module.exports [as verify] (C:\\Users\\sardar.ali\\Desktop\\Projects\\Social-media-app\\api-gateway\\node_modules\\jsonwebtoken\\verify.js:60:12)\n    at validateToken (C:\\Users\\sardar.ali\\Desktop\\Projects\\Social-media-app\\api-gateway\\src\\middleware\\authMiddleware.js:15:28)\n    at Layer.handleRequest (C:\\Users\\sardar.ali\\Desktop\\Projects\\Social-media-app\\api-gateway\\node_modules\\router\\lib\\layer.js:152:17)\n    at trimPrefix (C:\\Users\\sardar.ali\\Desktop\\Projects\\Social-media-app\\api-gateway\\node_modules\\router\\index.js:342:13)\n    at C:\\Users\\sardar.ali\\Desktop\\Projects\\Social-media-app\\api-gateway\\node_modules\\router\\index.js:297:9\n    at processParams (C:\\Users\\sardar.ali\\Desktop\\Projects\\Social-media-app\\api-gateway\\node_modules\\router\\index.js:582:12)\n    at next (C:\\Users\\sardar.ali\\Desktop\\Projects\\Social-media-app\\api-gateway\\node_modules\\router\\index.js:291:5)\n    at C:\\Users\\sardar.ali\\Desktop\\Projects\\Social-media-app\\api-gateway\\src\\server.js:46:3\n    at Layer.handleRequest (C:\\Users\\sardar.ali\\Desktop\\Projects\\Social-media-app\\api-gateway\\node_modules\\router\\lib\\layer.js:152:17)","service":"api-gateway","timestamp":"2025-07-21T13:35:09.709Z"}
{"level":"error","message":"Unatherized request token not found!","service":"api-gateway","timestamp":"2025-07-21T13:36:50.447Z"}
{"level":"error","message":"TypeError: logger.err is not a function\n    at C:\\Users\\sardar.ali\\Desktop\\Projects\\Social-media-app\\api-gateway\\src\\middleware\\authMiddleware.js:20:16\n    at module.exports [as verify] (C:\\Users\\sardar.ali\\Desktop\\Projects\\Social-media-app\\api-gateway\\node_modules\\jsonwebtoken\\verify.js:60:12)\n    at validateToken (C:\\Users\\sardar.ali\\Desktop\\Projects\\Social-media-app\\api-gateway\\src\\middleware\\authMiddleware.js:15:28)\n    at Layer.handleRequest (C:\\Users\\sardar.ali\\Desktop\\Projects\\Social-media-app\\api-gateway\\node_modules\\router\\lib\\layer.js:152:17)\n    at trimPrefix (C:\\Users\\sardar.ali\\Desktop\\Projects\\Social-media-app\\api-gateway\\node_modules\\router\\index.js:342:13)\n    at C:\\Users\\sardar.ali\\Desktop\\Projects\\Social-media-app\\api-gateway\\node_modules\\router\\index.js:297:9\n    at processParams (C:\\Users\\sardar.ali\\Desktop\\Projects\\Social-media-app\\api-gateway\\node_modules\\router\\index.js:582:12)\n    at next (C:\\Users\\sardar.ali\\Desktop\\Projects\\Social-media-app\\api-gateway\\node_modules\\router\\index.js:291:5)\n    at C:\\Users\\sardar.ali\\Desktop\\Projects\\Social-media-app\\api-gateway\\src\\server.js:46:3\n    at Layer.handleRequest (C:\\Users\\sardar.ali\\Desktop\\Projects\\Social-media-app\\api-gateway\\node_modules\\router\\lib\\layer.js:152:17)","service":"api-gateway","timestamp":"2025-07-21T13:36:50.453Z"}
{"level":"error","message":"Unatherized request token not found!","service":"api-gateway","timestamp":"2025-07-21T13:37:53.821Z"}
{"level":"error","message":"TypeError: logger.err is not a function\n    at C:\\Users\\sardar.ali\\Desktop\\Projects\\Social-media-app\\api-gateway\\src\\middleware\\authMiddleware.js:20:16\n    at module.exports [as verify] (C:\\Users\\sardar.ali\\Desktop\\Projects\\Social-media-app\\api-gateway\\node_modules\\jsonwebtoken\\verify.js:60:12)\n    at validateToken (C:\\Users\\sardar.ali\\Desktop\\Projects\\Social-media-app\\api-gateway\\src\\middleware\\authMiddleware.js:15:28)\n    at Layer.handleRequest (C:\\Users\\sardar.ali\\Desktop\\Projects\\Social-media-app\\api-gateway\\node_modules\\router\\lib\\layer.js:152:17)\n    at trimPrefix (C:\\Users\\sardar.ali\\Desktop\\Projects\\Social-media-app\\api-gateway\\node_modules\\router\\index.js:342:13)\n    at C:\\Users\\sardar.ali\\Desktop\\Projects\\Social-media-app\\api-gateway\\node_modules\\router\\index.js:297:9\n    at processParams (C:\\Users\\sardar.ali\\Desktop\\Projects\\Social-media-app\\api-gateway\\node_modules\\router\\index.js:582:12)\n    at next (C:\\Users\\sardar.ali\\Desktop\\Projects\\Social-media-app\\api-gateway\\node_modules\\router\\index.js:291:5)\n    at C:\\Users\\sardar.ali\\Desktop\\Projects\\Social-media-app\\api-gateway\\src\\server.js:46:3\n    at Layer.handleRequest (C:\\Users\\sardar.ali\\Desktop\\Projects\\Social-media-app\\api-gateway\\node_modules\\router\\lib\\layer.js:152:17)","service":"api-gateway","timestamp":"2025-07-21T13:37:53.822Z"}
{"level":"error","message":"Unatherized request token not found!","service":"api-gateway","timestamp":"2025-07-21T13:38:05.978Z"}
{"level":"error","message":"Invalid Token!","service":"api-gateway","timestamp":"2025-07-21T13:38:05.983Z"}
{"level":"error","message":"Error [ERR_HTTP_HEADERS_SENT]: Cannot set headers after they are sent to the client\n    at ServerResponse.setHeader (node:_http_outgoing:699:11)\n    at ServerResponse.header (C:\\Users\\sardar.ali\\Desktop\\Projects\\Social-media-app\\api-gateway\\node_modules\\express\\lib\\response.js:684:10)\n    at ServerResponse.send (C:\\Users\\sardar.ali\\Desktop\\Projects\\Social-media-app\\api-gateway\\node_modules\\express\\lib\\response.js:161:12)\n    at ServerResponse.json (C:\\Users\\sardar.ali\\Desktop\\Projects\\Social-media-app\\api-gateway\\node_modules\\express\\lib\\response.js:250:15)\n    at C:\\Users\\sardar.ali\\Desktop\\Projects\\Social-media-app\\api-gateway\\src\\middleware\\authMiddleware.js:21:32\n    at module.exports [as verify] (C:\\Users\\sardar.ali\\Desktop\\Projects\\Social-media-app\\api-gateway\\node_modules\\jsonwebtoken\\verify.js:60:12)\n    at validateToken (C:\\Users\\sardar.ali\\Desktop\\Projects\\Social-media-app\\api-gateway\\src\\middleware\\authMiddleware.js:15:28)\n    at Layer.handleRequest (C:\\Users\\sardar.ali\\Desktop\\Projects\\Social-media-app\\api-gateway\\node_modules\\router\\lib\\layer.js:152:17)\n    at trimPrefix (C:\\Users\\sardar.ali\\Desktop\\Projects\\Social-media-app\\api-gateway\\node_modules\\router\\index.js:342:13)\n    at C:\\Users\\sardar.ali\\Desktop\\Projects\\Social-media-app\\api-gateway\\node_modules\\router\\index.js:297:9","service":"api-gateway","timestamp":"2025-07-21T13:38:05.986Z"}
{"level":"error","message":"Unatherized request token not found!","service":"api-gateway","timestamp":"2025-07-21T13:38:50.798Z"}
{"level":"error","message":"Invalid Token!","service":"api-gateway","timestamp":"2025-07-21T13:38:50.801Z"}
{"level":"error","message":"Error [ERR_HTTP_HEADERS_SENT]: Cannot set headers after they are sent to the client\n    at ServerResponse.setHeader (node:_http_outgoing:699:11)\n    at ServerResponse.header (C:\\Users\\sardar.ali\\Desktop\\Projects\\Social-media-app\\api-gateway\\node_modules\\express\\lib\\response.js:684:10)\n    at ServerResponse.send (C:\\Users\\sardar.ali\\Desktop\\Projects\\Social-media-app\\api-gateway\\node_modules\\express\\lib\\response.js:161:12)\n    at ServerResponse.json (C:\\Users\\sardar.ali\\Desktop\\Projects\\Social-media-app\\api-gateway\\node_modules\\express\\lib\\response.js:250:15)\n    at C:\\Users\\sardar.ali\\Desktop\\Projects\\Social-media-app\\api-gateway\\src\\middleware\\authMiddleware.js:21:32\n    at module.exports [as verify] (C:\\Users\\sardar.ali\\Desktop\\Projects\\Social-media-app\\api-gateway\\node_modules\\jsonwebtoken\\verify.js:60:12)\n    at validateToken (C:\\Users\\sardar.ali\\Desktop\\Projects\\Social-media-app\\api-gateway\\src\\middleware\\authMiddleware.js:15:28)\n    at Layer.handleRequest (C:\\Users\\sardar.ali\\Desktop\\Projects\\Social-media-app\\api-gateway\\node_modules\\router\\lib\\layer.js:152:17)\n    at trimPrefix (C:\\Users\\sardar.ali\\Desktop\\Projects\\Social-media-app\\api-gateway\\node_modules\\router\\index.js:342:13)\n    at C:\\Users\\sardar.ali\\Desktop\\Projects\\Social-media-app\\api-gateway\\node_modules\\router\\index.js:297:9","service":"api-gateway","timestamp":"2025-07-21T13:38:50.802Z"}
{"level":"error","message":"Unatherized request token not found!","service":"api-gateway","timestamp":"2025-07-21T13:39:09.773Z"}
{"level":"error","message":"Invalid Token!","service":"api-gateway","timestamp":"2025-07-21T13:39:09.776Z"}
{"level":"error","message":"Error [ERR_HTTP_HEADERS_SENT]: Cannot set headers after they are sent to the client\n    at ServerResponse.setHeader (node:_http_outgoing:699:11)\n    at ServerResponse.header (C:\\Users\\sardar.ali\\Desktop\\Projects\\Social-media-app\\api-gateway\\node_modules\\express\\lib\\response.js:684:10)\n    at ServerResponse.send (C:\\Users\\sardar.ali\\Desktop\\Projects\\Social-media-app\\api-gateway\\node_modules\\express\\lib\\response.js:161:12)\n    at ServerResponse.json (C:\\Users\\sardar.ali\\Desktop\\Projects\\Social-media-app\\api-gateway\\node_modules\\express\\lib\\response.js:250:15)\n    at C:\\Users\\sardar.ali\\Desktop\\Projects\\Social-media-app\\api-gateway\\src\\middleware\\authMiddleware.js:22:32\n    at module.exports [as verify] (C:\\Users\\sardar.ali\\Desktop\\Projects\\Social-media-app\\api-gateway\\node_modules\\jsonwebtoken\\verify.js:60:12)\n    at validateToken (C:\\Users\\sardar.ali\\Desktop\\Projects\\Social-media-app\\api-gateway\\src\\middleware\\authMiddleware.js:16:28)\n    at Layer.handleRequest (C:\\Users\\sardar.ali\\Desktop\\Projects\\Social-media-app\\api-gateway\\node_modules\\router\\lib\\layer.js:152:17)\n    at trimPrefix (C:\\Users\\sardar.ali\\Desktop\\Projects\\Social-media-app\\api-gateway\\node_modules\\router\\index.js:342:13)\n    at C:\\Users\\sardar.ali\\Desktop\\Projects\\Social-media-app\\api-gateway\\node_modules\\router\\index.js:297:9","service":"api-gateway","timestamp":"2025-07-21T13:39:09.778Z"}
{"level":"error","message":"Unatherized request token not found!","service":"api-gateway","timestamp":"2025-07-21T13:39:35.445Z"}
{"level":"error","message":"Invalid Token!","service":"api-gateway","timestamp":"2025-07-21T13:39:35.455Z"}
{"level":"error","message":"Error [ERR_HTTP_HEADERS_SENT]: Cannot set headers after they are sent to the client\n    at ServerResponse.setHeader (node:_http_outgoing:699:11)\n    at ServerResponse.header (C:\\Users\\sardar.ali\\Desktop\\Projects\\Social-media-app\\api-gateway\\node_modules\\express\\lib\\response.js:684:10)\n    at ServerResponse.send (C:\\Users\\sardar.ali\\Desktop\\Projects\\Social-media-app\\api-gateway\\node_modules\\express\\lib\\response.js:161:12)\n    at ServerResponse.json (C:\\Users\\sardar.ali\\Desktop\\Projects\\Social-media-app\\api-gateway\\node_modules\\express\\lib\\response.js:250:15)\n    at C:\\Users\\sardar.ali\\Desktop\\Projects\\Social-media-app\\api-gateway\\src\\middleware\\authMiddleware.js:22:32\n    at module.exports [as verify] (C:\\Users\\sardar.ali\\Desktop\\Projects\\Social-media-app\\api-gateway\\node_modules\\jsonwebtoken\\verify.js:60:12)\n    at validateToken (C:\\Users\\sardar.ali\\Desktop\\Projects\\Social-media-app\\api-gateway\\src\\middleware\\authMiddleware.js:16:28)\n    at Layer.handleRequest (C:\\Users\\sardar.ali\\Desktop\\Projects\\Social-media-app\\api-gateway\\node_modules\\router\\lib\\layer.js:152:17)\n    at trimPrefix (C:\\Users\\sardar.ali\\Desktop\\Projects\\Social-media-app\\api-gateway\\node_modules\\router\\index.js:342:13)\n    at C:\\Users\\sardar.ali\\Desktop\\Projects\\Social-media-app\\api-gateway\\node_modules\\router\\index.js:297:9","service":"api-gateway","timestamp":"2025-07-21T13:39:35.458Z"}
{"level":"error","message":"Proxy error :, ","service":"api-gateway","timestamp":"2025-07-21T13:40:35.804Z"}
{"level":"error","message":"Proxy error :, AggregateError","service":"api-gateway","timestamp":"2025-07-21T13:43:05.293Z"}
{"level":"error","message":"Proxy error :, AggregateError","service":"api-gateway","timestamp":"2025-07-21T13:49:38.956Z"}
{"level":"error","message":"Proxy error :, AggregateError","service":"api-gateway","timestamp":"2025-07-21T13:50:16.979Z"}
{"level":"error","message":"Proxy error :, AggregateError","service":"api-gateway","timestamp":"2025-07-21T13:53:41.889Z"}
{"level":"error","message":"Proxy error :, AggregateError","service":"api-gateway","timestamp":"2025-07-21T13:53:45.579Z"}
{"level":"error","message":"Proxy error :, AggregateError","service":"api-gateway","timestamp":"2025-07-21T13:55:26.953Z"}
{"level":"error","message":"Proxy error :, AggregateError","service":"api-gateway","timestamp":"2025-07-21T13:56:25.537Z"}
{"level":"error","message":"Proxy error :, AggregateError","service":"api-gateway","timestamp":"2025-07-22T05:31:33.790Z"}
{"level":"error","message":"Proxy error :, AggregateError","service":"api-gateway","timestamp":"2025-07-22T05:31:37.410Z"}
{"level":"error","message":"Proxy error :, ReferenceError: url is not defined","service":"api-gateway","timestamp":"2025-07-22T05:33:58.599Z"}
{"level":"error","message":"Proxy error :, ReferenceError: url is not defined","service":"api-gateway","timestamp":"2025-07-22T05:34:18.327Z"}
{"level":"error","message":"Proxy error :, AggregateError","service":"api-gateway","timestamp":"2025-07-22T05:34:31.602Z"}
{"level":"error","message":"Proxy error :, AggregateError","service":"api-gateway","timestamp":"2025-07-22T05:35:32.142Z"}
{"level":"error","message":"Proxy error :, AggregateError","service":"api-gateway","timestamp":"2025-07-22T05:35:38.290Z"}
{"level":"error","message":"Proxy error :, AggregateError","service":"api-gateway","timestamp":"2025-07-22T05:36:07.030Z"}
{"level":"error","message":"Proxy error :, AggregateError","service":"api-gateway","timestamp":"2025-07-22T05:37:02.357Z"}
{"level":"error","message":"Proxy error :, AggregateError","service":"api-gateway","timestamp":"2025-07-22T05:38:30.550Z"}
{"level":"error","message":"Proxy error :, AggregateError","service":"api-gateway","timestamp":"2025-07-22T05:40:58.910Z"}
{"level":"error","message":"Proxy error :, AggregateError","service":"api-gateway","timestamp":"2025-07-22T05:46:44.667Z"}
{"level":"error","message":"Inner Proxy Error: connect ECONNREFUSED ::1:3002","service":"api-gateway","timestamp":"2025-07-22T05:50:03.220Z"}
{"level":"error","message":"Inner Proxy Error: connect ECONNREFUSED 127.0.0.1:3002","service":"api-gateway","timestamp":"2025-07-22T05:50:03.220Z"}
{"level":"error","message":"Proxy error :, TypeError [ERR_HTTP_INVALID_HEADER_VALUE]: Invalid value \"undefined\" for header \"x-user-id\"","service":"api-gateway","timestamp":"2025-07-22T08:10:21.266Z"}
{"level":"error","message":"Proxy error :, TypeError [ERR_HTTP_INVALID_HEADER_VALUE]: Invalid value \"undefined\" for header \"x-user-id\"","service":"api-gateway","timestamp":"2025-07-22T08:11:54.194Z"}
{"level":"error","message":"Proxy error :, TypeError [ERR_HTTP_INVALID_HEADER_VALUE]: Invalid value \"undefined\" for header \"x-user-id\"","service":"api-gateway","timestamp":"2025-07-22T08:12:13.860Z"}
{"level":"error","message":"Proxy error :, TypeError [ERR_HTTP_INVALID_HEADER_VALUE]: Invalid value \"undefined\" for header \"x-user-id\"","service":"api-gateway","timestamp":"2025-07-22T08:12:34.872Z"}
{"level":"error","message":"Unauthorized request: token not found!","service":"api-gateway","timestamp":"2025-07-22T08:15:32.639Z"}
{"level":"error","message":"Unauthorized request: token not found!","service":"api-gateway","timestamp":"2025-07-22T10:58:18.593Z"}
{"level":"error","message":"Invalid Token!","service":"api-gateway","timestamp":"2025-07-22T11:05:01.353Z"}
{"level":"error","message":"Invalid Token!","service":"api-gateway","timestamp":"2025-07-22T11:05:08.194Z"}
{"level":"error","message":"Invalid Token!","service":"api-gateway","timestamp":"2025-07-22T11:05:10.299Z"}
{"level":"error","message":"Unauthorized request: token not found!","service":"api-gateway","timestamp":"2025-07-22T11:15:20.339Z"}
{"level":"error","message":"Proxy error :, AggregateError","service":"api-gateway","timestamp":"2025-07-22T11:47:45.387Z"}
{"level":"error","message":"Proxy error :, AggregateError","service":"api-gateway","timestamp":"2025-07-22T11:47:47.126Z"}
{"level":"error","message":"Unauthorized request: token not found!","service":"api-gateway","timestamp":"2025-07-26T20:29:32.143Z"}
{"level":"error","message":"Proxy error :, TypeError: Cannot read properties of undefined (reading 'startsWith')","service":"api-gateway","timestamp":"2025-07-26T20:29:39.760Z"}
{"level":"error","message":"Proxy error :, TypeError: Cannot read properties of undefined (reading 'startsWith')","service":"api-gateway","timestamp":"2025-07-26T20:30:21.712Z"}
{"level":"error","message":"Proxy error :, TypeError: Cannot read properties of undefined (reading 'startsWith')","service":"api-gateway","timestamp":"2025-07-26T20:30:23.454Z"}
{"level":"error","message":"Proxy error :, TypeError: Cannot read properties of undefined (reading 'startsWith')","service":"api-gateway","timestamp":"2025-07-26T20:30:46.680Z"}
{"level":"error","message":"Proxy error :, TypeError: Cannot read properties of undefined (reading 'startsWith')","service":"api-gateway","timestamp":"2025-07-26T20:31:00.303Z"}
{"level":"error","message":"Proxy error :, TypeError: Cannot read properties of undefined (reading 'startsWith')","service":"api-gateway","timestamp":"2025-07-26T20:31:02.288Z"}
{"level":"error","message":"Proxy error :, TypeError: Cannot read properties of undefined (reading 'startsWith')","service":"api-gateway","timestamp":"2025-07-29T16:32:08.166Z"}
{"level":"error","message":"Invalid Token!","service":"api-gateway","timestamp":"2025-07-29T16:33:19.537Z"}
{"level":"error","message":"Invalid Token!","service":"api-gateway","timestamp":"2025-07-29T16:33:25.492Z"}
{"level":"error","message":"Proxy error :, AggregateError","service":"api-gateway","timestamp":"2025-07-29T16:33:38.643Z"}
{"level":"error","message":"Proxy error :, AggregateError","service":"api-gateway","timestamp":"2025-07-29T16:33:55.834Z"}
{"level":"error","message":"Proxy error :, AggregateError","service":"api-gateway","timestamp":"2025-07-29T16:34:12.340Z"}
{"level":"error","message":"Invalid Token!","service":"api-gateway","timestamp":"2025-07-30T16:38:40.325Z"}
{"level":"error","message":"Invalid Token!","service":"api-gateway","timestamp":"2025-07-30T16:57:56.871Z"}
